0 info it worked if it ends with ok
1 verbose cli [ '/opt/local/bin/node', '/opt/local/bin/npm', 'start' ]
2 info using npm@2.14.1
3 info using node@v0.12.7
4 verbose run-script [ 'prestart', 'start', 'poststart' ]
5 info prestart angular2_test@1.0.0
6 info start angular2_test@1.0.0
7 verbose unsafe-perm in lifecycle true
8 info angular2_test@1.0.0 Failed to exec start script
9 verbose stack Error: angular2_test@1.0.0 start: `tsc && concurrently "npm run tsc:w" "npm run lite" `
9 verbose stack Exit status 2
9 verbose stack     at EventEmitter.<anonymous> (/opt/local/lib/node_modules/npm/lib/utils/lifecycle.js:214:16)
9 verbose stack     at EventEmitter.emit (events.js:110:17)
9 verbose stack     at ChildProcess.<anonymous> (/opt/local/lib/node_modules/npm/lib/utils/spawn.js:24:14)
9 verbose stack     at ChildProcess.emit (events.js:110:17)
9 verbose stack     at maybeClose (child_process.js:1015:16)
9 verbose stack     at Process.ChildProcess._handle.onexit (child_process.js:1087:5)
10 verbose pkgid angular2_test@1.0.0
11 verbose cwd /Users/mikaelandersson/Code/angular2_test
12 error Darwin 13.4.0
13 error argv "/opt/local/bin/node" "/opt/local/bin/npm" "start"
14 error node v0.12.7
15 error npm  v2.14.1
16 error code ELIFECYCLE
17 error angular2_test@1.0.0 start: `tsc && concurrently "npm run tsc:w" "npm run lite" `
17 error Exit status 2
18 error Failed at the angular2_test@1.0.0 start script 'tsc && concurrently "npm run tsc:w" "npm run lite" '.
18 error This is most likely a problem with the angular2_test package,
18 error not with npm itself.
18 error Tell the author that this fails on your system:
18 error     tsc && concurrently "npm run tsc:w" "npm run lite"
18 error You can get their info via:
18 error     npm owner ls angular2_test
18 error There is likely additional logging output above.
19 verbose exit [ 1, true ]
